102 42142 42039 42533 42038 42723 42270 42028 42292 42535 42687 42616 42738 42387 42047 42056 42672 42073 42055 42028 
31125 123 31089 31543 31058 31660 31395 31058 31244 31505 31680 31617 31690 31418 31058 31121 31601 31080 31124 31058 
37775 37829 114 38125 37695 38370 37894 37629 37932 38132 38358 38248 38355 38045 37634 37674 38315 37721 37728 37652 
48082 48132 48079 169 48101 48401 48143 48066 48309 48296 48348 48235 48370 48344 48052 48057 48259 48113 48086 48057 
26910 26983 26843 27336 109 27535 27110 26788 27118 27359 27501 27384 27559 27249 26796 26906 27496 26810 26899 26805 
56927 56910 56946 56894 56936 145 56935 56962 56848 56963 56504 56988 56946 56913 56964 56929 56892 56923 56929 56929 
48069 48141 48052 48455 48005 48626 112 48007 48356 48572 48599 48470 48636 48385 48004 48041 48624 48052 48114 48007 
19457 19526 19363 19855 19367 20075 19655 99 19599 19903 20042 19919 20104 19746 19361 19436 20014 19410 19456 19319 
39143 39232 39157 39682 39122 39773 39448 39116 123 39599 39745 39757 39741 39243 39126 39173 39638 39107 39160 39122 
55671 55645 55542 55927 55653 56124 55891 55649 55770 143 56103 56084 56129 55904 55649 55675 55821 55649 55649 55649 
62714 62725 62714 62706 62713 62296 62740 62724 62719 62777 137 62815 62819 62762 62714 62714 62814 62717 62714 62714 
38567 38531 38537 38610 38517 38274 38529 38564 38137 38709 38159 276 38734 38708 38563 38549 38733 38566 38574 38549 
52671 52645 52542 52927 52653 53124 53891 53649 53770 53129 53103 53084 140 52904 52649 52675 52821 52649 52649 52649
45552 45676 45573 46014 45571 46011 45790 45570 45560 45819 46007 46008 46069 172 45557 45568 46060 45533 45553 45567 
19270 19335 19149 19679 19193 19882 19481 19137 19462 19716 19850 19776 19907 19553 104 19262 19843 19271 19250 19062 
39620 39753 39603 40084 39602 40286 39834 39568 39861 40104 40252 40154 40304 39941 39606 101 40218 39637 39623 39506 
62009 62038 61997 62152 62001 62420 62153 62008 62174 61959 62380 62388 62368 61990 61993 62015 131 61999 62000 62001 
36185 36299 36165 36642 36181 36840 36410 36166 36403 36660 36807 36749 36860 36499 36143 36208 36782 113 36191 36150 
37306 37441 37245 37778 37332 38001 37557 37254 37585 37809 37969 37914 38021 37650 37285 37312 37945 37361 109 37291 
316 392 286 742 244 937 525 212 511 766 907 819 960 602 236 306 886 283 303 98 
