20 500
-108.711981773 -1.05616180226
-112.229216099 -68.4433758259
95.7953333855 229.144620895
7.80943855643 -233.295297623
-141.543209553 -132.387125492
211.567592621 57.4548244476
85.4107916355 12.0432168245
179.951000214 139.764261246
74.581861496 103.493654728
-212.285661697 1.40561144799
-203.651475906 -6.6946901381
222.938585281 -64.6023154259
128.706932068 -117.538738251
31.6588968039 -148.123943806
-105.661809444 -206.47714138
-242.348694801 230.829024315
189.653372765 157.632493973
-89.1060650349 -41.9927835464
-221.311759949 -105.202054977
238.726115227 -181.925916672
